2025-07-05T13:36:10.851+08:00  INFO 16556 --- [Project-ESun] [main] c.example.demo.ProjectESunApplication    : Starting ProjectESunApplication using Java 17.0.8 with PID 16556 (C:\Users\enjoy\Desktop\翁\新尖兵計畫\JavaWeb\worksplace\Project-ESun\target\classes started by enjoy in C:\Users\enjoy\Desktop\翁\新尖兵計畫\JavaWeb\worksplace\Project-ESun)
2025-07-05T13:36:10.853+08:00  INFO 16556 --- [Project-ESun] [main] c.example.demo.ProjectESunApplication    : No active profile set, falling back to 1 default profile: "default"
2025-07-05T13:36:11.313+08:00  INFO 16556 --- [Project-ESun] [main] .s.d.r.c.RepositoryConfigurationDelegate : Bootstrapping Spring Data JPA repositories in DEFAULT mode.
2025-07-05T13:36:11.327+08:00  INFO 16556 --- [Project-ESun] [main] .s.d.r.c.RepositoryConfigurationDelegate : Finished Spring Data repository scanning in 9 ms. Found 0 JPA repository interfaces.
2025-07-05T13:36:11.954+08:00  INFO 16556 --- [Project-ESun] [main] o.s.b.w.embedded.tomcat.TomcatWebServer  : Tomcat initialized with port 8080 (http)
2025-07-05T13:36:11.964+08:00  INFO 16556 --- [Project-ESun] [main] o.apache.catalina.core.StandardService   : Starting service [Tomcat]
2025-07-05T13:36:11.965+08:00  INFO 16556 --- [Project-ESun] [main] o.apache.catalina.core.StandardEngine    : Starting Servlet engine: [Apache Tomcat/10.1.42]
2025-07-05T13:36:12.008+08:00  INFO 16556 --- [Project-ESun] [main] o.a.c.c.C.[Tomcat].[localhost].[/]       : Initializing Spring embedded WebApplicationContext
2025-07-05T13:36:12.008+08:00  INFO 16556 --- [Project-ESun] [main] w.s.c.ServletWebServerApplicationContext : Root WebApplicationContext: initialization completed in 1124 ms
2025-07-05T13:36:12.115+08:00  INFO 16556 --- [Project-ESun] [main] o.hibernate.jpa.internal.util.LogHelper  : HHH000204: Processing PersistenceUnitInfo [name: default]
2025-07-05T13:36:12.144+08:00  INFO 16556 --- [Project-ESun] [main] org.hibernate.Version                    : HHH000412: Hibernate ORM core version 6.6.18.Final
2025-07-05T13:36:12.166+08:00  INFO 16556 --- [Project-ESun] [main] o.h.c.internal.RegionFactoryInitiator    : HHH000026: Second-level cache disabled
2025-07-05T13:36:12.353+08:00  INFO 16556 --- [Project-ESun] [main] o.s.o.j.p.SpringPersistenceUnitInfo      : No LoadTimeWeaver setup: ignoring JPA class transformer
2025-07-05T13:36:12.371+08:00  INFO 16556 --- [Project-ESun] [main] com.zaxxer.hikari.HikariDataSource       : HikariPool-1 - Starting...
2025-07-05T13:36:12.475+08:00  INFO 16556 --- [Project-ESun] [main] com.zaxxer.hikari.pool.HikariPool        : HikariPool-1 - Added connection com.mysql.cj.jdbc.ConnectionImpl@5a51336a
2025-07-05T13:36:12.477+08:00  INFO 16556 --- [Project-ESun] [main] com.zaxxer.hikari.HikariDataSource       : HikariPool-1 - Start completed.
2025-07-05T13:36:12.535+08:00  INFO 16556 --- [Project-ESun] [main] org.hibernate.orm.connections.pooling    : HHH10001005: Database info:
	Database JDBC URL [Connecting through datasource 'HikariDataSource (HikariPool-1)']
	Database driver: undefined/unknown
	Database version: 8.0.34
	Autocommit mode: undefined/unknown
	Isolation level: undefined/unknown
	Minimum pool size: undefined/unknown
	Maximum pool size: undefined/unknown
2025-07-05T13:36:13.115+08:00  INFO 16556 --- [Project-ESun] [main] o.h.e.t.j.p.i.JtaPlatformInitiator       : HHH000489: No JTA platform available (set 'hibernate.transaction.jta.platform' to enable JTA platform integration)
2025-07-05T13:36:13.251+08:00  INFO 16556 --- [Project-ESun] [main] j.LocalContainerEntityManagerFactoryBean : Initialized JPA EntityManagerFactory for persistence unit 'default'
2025-07-05T13:36:13.627+08:00  WARN 16556 --- [Project-ESun] [main] .s.s.UserDetailsServiceAutoConfiguration : 

Using generated security password: 13005a53-eb17-4cee-8046-85ffc4fd3a1d

This generated password is for development use only. Your security configuration must be updated before running your application in production.

2025-07-05T13:36:13.632+08:00  INFO 16556 --- [Project-ESun] [main] r$InitializeUserDetailsManagerConfigurer : Global AuthenticationManager configured with UserDetailsService bean with name inMemoryUserDetailsManager
2025-07-05T13:36:13.836+08:00  INFO 16556 --- [Project-ESun] [main] o.s.b.w.embedded.tomcat.TomcatWebServer  : Tomcat started on port 8080 (http) with context path '/'
2025-07-05T13:36:13.843+08:00  INFO 16556 --- [Project-ESun] [main] c.example.demo.ProjectESunApplication    : Started ProjectESunApplication in 3.359 seconds (process running for 3.791)
2025-07-05T14:12:01.887+08:00  INFO 16556 --- [Project-ESun] [RMI TCP Connection(46)-127.0.0.1] inMXBeanRegistrar$SpringApplicationAdmin : Application shutdown requested.
2025-07-05T14:12:01.891+08:00  INFO 16556 --- [Project-ESun] [RMI TCP Connection(46)-127.0.0.1] o.s.b.w.e.tomcat.GracefulShutdown        : Commencing graceful shutdown. Waiting for active requests to complete
2025-07-05T14:12:01.908+08:00  INFO 16556 --- [Project-ESun] [tomcat-shutdown] o.s.b.w.e.tomcat.GracefulShutdown        : Graceful shutdown complete
2025-07-05T14:12:01.912+08:00  INFO 16556 --- [Project-ESun] [RMI TCP Connection(46)-127.0.0.1] j.LocalContainerEntityManagerFactoryBean : Closing JPA EntityManagerFactory for persistence unit 'default'
2025-07-05T14:12:01.913+08:00  INFO 16556 --- [Project-ESun] [RMI TCP Connection(46)-127.0.0.1] com.zaxxer.hikari.HikariDataSource       : HikariPool-1 - Shutdown initiated...
2025-07-05T14:12:01.914+08:00  INFO 16556 --- [Project-ESun] [RMI TCP Connection(46)-127.0.0.1] com.zaxxer.hikari.HikariDataSource       : HikariPool-1 - Shutdown completed.
2025-07-05T14:12:03.406+08:00  INFO 9284 --- [Project-ESun] [main] c.example.demo.ProjectESunApplication    : Starting ProjectESunApplication using Java 17.0.8 with PID 9284 (C:\Users\enjoy\Desktop\翁\新尖兵計畫\JavaWeb\worksplace\Project-ESun\target\classes started by enjoy in C:\Users\enjoy\Desktop\翁\新尖兵計畫\JavaWeb\worksplace\Project-ESun)
2025-07-05T14:12:03.408+08:00  INFO 9284 --- [Project-ESun] [main] c.example.demo.ProjectESunApplication    : No active profile set, falling back to 1 default profile: "default"
2025-07-05T14:12:03.912+08:00  INFO 9284 --- [Project-ESun] [main] .s.d.r.c.RepositoryConfigurationDelegate : Bootstrapping Spring Data JPA repositories in DEFAULT mode.
2025-07-05T14:12:03.936+08:00  INFO 9284 --- [Project-ESun] [main] .s.d.r.c.RepositoryConfigurationDelegate : Finished Spring Data repository scanning in 15 ms. Found 0 JPA repository interfaces.
2025-07-05T14:12:04.287+08:00  INFO 9284 --- [Project-ESun] [main] o.s.b.w.embedded.tomcat.TomcatWebServer  : Tomcat initialized with port 8080 (http)
2025-07-05T14:12:04.297+08:00  INFO 9284 --- [Project-ESun] [main] o.apache.catalina.core.StandardService   : Starting service [Tomcat]
2025-07-05T14:12:04.297+08:00  INFO 9284 --- [Project-ESun] [main] o.apache.catalina.core.StandardEngine    : Starting Servlet engine: [Apache Tomcat/10.1.42]
2025-07-05T14:12:04.331+08:00  INFO 9284 --- [Project-ESun] [main] o.a.c.c.C.[Tomcat].[localhost].[/]       : Initializing Spring embedded WebApplicationContext
2025-07-05T14:12:04.332+08:00  INFO 9284 --- [Project-ESun] [main] w.s.c.ServletWebServerApplicationContext : Root WebApplicationContext: initialization completed in 890 ms
2025-07-05T14:12:04.437+08:00  INFO 9284 --- [Project-ESun] [main] o.hibernate.jpa.internal.util.LogHelper  : HHH000204: Processing PersistenceUnitInfo [name: default]
2025-07-05T14:12:04.466+08:00  INFO 9284 --- [Project-ESun] [main] org.hibernate.Version                    : HHH000412: Hibernate ORM core version 6.6.18.Final
2025-07-05T14:12:04.486+08:00  INFO 9284 --- [Project-ESun] [main] o.h.c.internal.RegionFactoryInitiator    : HHH000026: Second-level cache disabled
2025-07-05T14:12:04.719+08:00  INFO 9284 --- [Project-ESun] [main] o.s.o.j.p.SpringPersistenceUnitInfo      : No LoadTimeWeaver setup: ignoring JPA class transformer
2025-07-05T14:12:04.740+08:00  INFO 9284 --- [Project-ESun] [main] com.zaxxer.hikari.HikariDataSource       : HikariPool-1 - Starting...
2025-07-05T14:12:04.838+08:00  INFO 9284 --- [Project-ESun] [main] com.zaxxer.hikari.pool.HikariPool        : HikariPool-1 - Added connection com.mysql.cj.jdbc.ConnectionImpl@61dd1c3d
2025-07-05T14:12:04.840+08:00  INFO 9284 --- [Project-ESun] [main] com.zaxxer.hikari.HikariDataSource       : HikariPool-1 - Start completed.
2025-07-05T14:12:04.894+08:00  INFO 9284 --- [Project-ESun] [main] org.hibernate.orm.connections.pooling    : HHH10001005: Database info:
	Database JDBC URL [Connecting through datasource 'HikariDataSource (HikariPool-1)']
	Database driver: undefined/unknown
	Database version: 8.0.34
	Autocommit mode: undefined/unknown
	Isolation level: undefined/unknown
	Minimum pool size: undefined/unknown
	Maximum pool size: undefined/unknown
2025-07-05T14:12:05.499+08:00  INFO 9284 --- [Project-ESun] [main] o.h.e.t.j.p.i.JtaPlatformInitiator       : HHH000489: No JTA platform available (set 'hibernate.transaction.jta.platform' to enable JTA platform integration)
2025-07-05T14:12:05.533+08:00  INFO 9284 --- [Project-ESun] [main] j.LocalContainerEntityManagerFactoryBean : Initialized JPA EntityManagerFactory for persistence unit 'default'
2025-07-05T14:12:05.861+08:00  WARN 9284 --- [Project-ESun] [main] .s.s.UserDetailsServiceAutoConfiguration : 

Using generated security password: 71274e6c-704d-4827-9fb0-d01bec39371c

This generated password is for development use only. Your security configuration must be updated before running your application in production.

2025-07-05T14:12:05.871+08:00  INFO 9284 --- [Project-ESun] [main] r$InitializeUserDetailsManagerConfigurer : Global AuthenticationManager configured with UserDetailsService bean with name inMemoryUserDetailsManager
2025-07-05T14:12:06.070+08:00  INFO 9284 --- [Project-ESun] [main] o.s.b.w.embedded.tomcat.TomcatWebServer  : Tomcat started on port 8080 (http) with context path '/'
2025-07-05T14:12:06.089+08:00  INFO 9284 --- [Project-ESun] [main] c.example.demo.ProjectESunApplication    : Started ProjectESunApplication in 2.99 seconds (process running for 3.37)
2025-07-05T15:18:49.218+08:00  INFO 9284 --- [Project-ESun] [RMI TCP Connection(76)-127.0.0.1] inMXBeanRegistrar$SpringApplicationAdmin : Application shutdown requested.
2025-07-05T15:18:49.242+08:00  INFO 9284 --- [Project-ESun] [RMI TCP Connection(76)-127.0.0.1] o.s.b.w.e.tomcat.GracefulShutdown        : Commencing graceful shutdown. Waiting for active requests to complete
2025-07-05T15:18:49.263+08:00  INFO 9284 --- [Project-ESun] [tomcat-shutdown] o.s.b.w.e.tomcat.GracefulShutdown        : Graceful shutdown complete
2025-07-05T15:18:49.273+08:00  INFO 9284 --- [Project-ESun] [RMI TCP Connection(76)-127.0.0.1] j.LocalContainerEntityManagerFactoryBean : Closing JPA EntityManagerFactory for persistence unit 'default'
2025-07-05T15:18:49.280+08:00  INFO 9284 --- [Project-ESun] [RMI TCP Connection(76)-127.0.0.1] com.zaxxer.hikari.HikariDataSource       : HikariPool-1 - Shutdown initiated...
2025-07-05T15:18:49.283+08:00  INFO 9284 --- [Project-ESun] [RMI TCP Connection(76)-127.0.0.1] com.zaxxer.hikari.HikariDataSource       : HikariPool-1 - Shutdown completed.
2025-07-05T15:18:51.245+08:00  INFO 10136 --- [Project-ESun] [main] c.example.demo.ProjectESunApplication    : Starting ProjectESunApplication using Java 17.0.8 with PID 10136 (C:\Users\enjoy\Desktop\翁\新尖兵計畫\JavaWeb\worksplace\Project-ESun\target\classes started by enjoy in C:\Users\enjoy\Desktop\翁\新尖兵計畫\JavaWeb\worksplace\Project-ESun)
2025-07-05T15:18:51.247+08:00  INFO 10136 --- [Project-ESun] [main] c.example.demo.ProjectESunApplication    : No active profile set, falling back to 1 default profile: "default"
2025-07-05T15:18:51.727+08:00  INFO 10136 --- [Project-ESun] [main] .s.d.r.c.RepositoryConfigurationDelegate : Bootstrapping Spring Data JPA repositories in DEFAULT mode.
2025-07-05T15:18:51.745+08:00  INFO 10136 --- [Project-ESun] [main] .s.d.r.c.RepositoryConfigurationDelegate : Finished Spring Data repository scanning in 9 ms. Found 0 JPA repository interfaces.
2025-07-05T15:18:52.171+08:00  INFO 10136 --- [Project-ESun] [main] o.s.b.w.embedded.tomcat.TomcatWebServer  : Tomcat initialized with port 8080 (http)
2025-07-05T15:18:52.182+08:00  INFO 10136 --- [Project-ESun] [main] o.apache.catalina.core.StandardService   : Starting service [Tomcat]
2025-07-05T15:18:52.182+08:00  INFO 10136 --- [Project-ESun] [main] o.apache.catalina.core.StandardEngine    : Starting Servlet engine: [Apache Tomcat/10.1.42]
2025-07-05T15:18:52.221+08:00  INFO 10136 --- [Project-ESun] [main] o.a.c.c.C.[Tomcat].[localhost].[/]       : Initializing Spring embedded WebApplicationContext
2025-07-05T15:18:52.221+08:00  INFO 10136 --- [Project-ESun] [main] w.s.c.ServletWebServerApplicationContext : Root WebApplicationContext: initialization completed in 944 ms
2025-07-05T15:18:52.330+08:00  INFO 10136 --- [Project-ESun] [main] o.hibernate.jpa.internal.util.LogHelper  : HHH000204: Processing PersistenceUnitInfo [name: default]
2025-07-05T15:18:52.363+08:00  INFO 10136 --- [Project-ESun] [main] org.hibernate.Version                    : HHH000412: Hibernate ORM core version 6.6.18.Final
2025-07-05T15:18:52.385+08:00  INFO 10136 --- [Project-ESun] [main] o.h.c.internal.RegionFactoryInitiator    : HHH000026: Second-level cache disabled
2025-07-05T15:18:52.556+08:00  INFO 10136 --- [Project-ESun] [main] o.s.o.j.p.SpringPersistenceUnitInfo      : No LoadTimeWeaver setup: ignoring JPA class transformer
2025-07-05T15:18:52.576+08:00  INFO 10136 --- [Project-ESun] [main] com.zaxxer.hikari.HikariDataSource       : HikariPool-1 - Starting...
2025-07-05T15:18:52.683+08:00  INFO 10136 --- [Project-ESun] [main] com.zaxxer.hikari.pool.HikariPool        : HikariPool-1 - Added connection com.mysql.cj.jdbc.ConnectionImpl@10d98940
2025-07-05T15:18:52.684+08:00  INFO 10136 --- [Project-ESun] [main] com.zaxxer.hikari.HikariDataSource       : HikariPool-1 - Start completed.
2025-07-05T15:18:52.739+08:00  INFO 10136 --- [Project-ESun] [main] org.hibernate.orm.connections.pooling    : HHH10001005: Database info:
	Database JDBC URL [Connecting through datasource 'HikariDataSource (HikariPool-1)']
	Database driver: undefined/unknown
	Database version: 8.0.34
	Autocommit mode: undefined/unknown
	Isolation level: undefined/unknown
	Minimum pool size: undefined/unknown
	Maximum pool size: undefined/unknown
2025-07-05T15:18:53.406+08:00  INFO 10136 --- [Project-ESun] [main] o.h.e.t.j.p.i.JtaPlatformInitiator       : HHH000489: No JTA platform available (set 'hibernate.transaction.jta.platform' to enable JTA platform integration)
2025-07-05T15:18:53.460+08:00  INFO 10136 --- [Project-ESun] [main] j.LocalContainerEntityManagerFactoryBean : Initialized JPA EntityManagerFactory for persistence unit 'default'
2025-07-05T15:18:53.808+08:00  WARN 10136 --- [Project-ESun] [main] .s.s.UserDetailsServiceAutoConfiguration : 

Using generated security password: fd863405-5b9e-4a25-9a95-5b74a6227912

This generated password is for development use only. Your security configuration must be updated before running your application in production.

2025-07-05T15:18:53.813+08:00  INFO 10136 --- [Project-ESun] [main] r$InitializeUserDetailsManagerConfigurer : Global AuthenticationManager configured with UserDetailsService bean with name inMemoryUserDetailsManager
2025-07-05T15:18:53.913+08:00  INFO 10136 --- [Project-ESun] [main] o.s.b.w.embedded.tomcat.TomcatWebServer  : Tomcat started on port 8080 (http) with context path '/'
2025-07-05T15:18:53.920+08:00  INFO 10136 --- [Project-ESun] [main] c.example.demo.ProjectESunApplication    : Started ProjectESunApplication in 2.984 seconds (process running for 3.35)
